<?xml version="1.0" encoding="UTF-8"?>
<!-- Generated by org.testng.reporters.JUnitXMLReporter -->
<testsuite hostname="ACER-PC" name="Validating title name" tests="3" failures="0" timestamp="30 Apr 2022 10:20:57 GMT" time="0.031" errors="0">
  <testcase name="@BeforeTest intializer" time="0.0" classname="Academy.E2EProject.validateTitle">
    <failure type="java.lang.NullPointerException">
      <![CDATA[java.lang.NullPointerException
	at resourses.base.intializerDriver(base.java:40)
	at Academy.E2EProject.validateTitle.intializer(validateTitle.java:54)
... Removed 22 stack frames]]>
    </failure>
  </testcase> <!-- @BeforeTest intializer -->
  <testcase name="@AfterTest tear" time="0.0" classname="Academy.E2EProject.validateTitle">
    <skipped/>
  </testcase> <!-- @AfterTest tear -->
  <testcase name="baseHeader" time="0.002" classname="Academy.E2EProject.validateTitle">
    <skipped/>
  </testcase> <!-- baseHeader -->
  <testcase name="basePageNavigation" time="0.001" classname="Academy.E2EProject.validateTitle">
    <skipped/>
  </testcase> <!-- basePageNavigation -->
  <testcase name="courseDetails" time="0.015" classname="Academy.E2EProject.validateTitle">
    <skipped/>
  </testcase> <!-- courseDetails -->
</testsuite> <!-- Validating title name -->
