<?xml version="1.0" encoding="UTF-8"?>
<!-- Generated by org.testng.reporters.JUnitXMLReporter -->
<testsuite hostname="ACER-PC" name="Validating navigation bar" tests="1" failures="0" timestamp="30 Apr 2022 10:20:56 GMT" time="0.011" errors="0">
  <testcase name="@BeforeTest intializer" time="0.0" classname="Academy.E2EProject.validateNavigationBar">
    <failure type="java.lang.NullPointerException">
      <![CDATA[java.lang.NullPointerException
	at resourses.base.intializerDriver(base.java:40)
	at Academy.E2EProject.validateNavigationBar.intializer(validateNavigationBar.java:24)
... Removed 22 stack frames]]>
    </failure>
  </testcase> <!-- @BeforeTest intializer -->
  <testcase name="@AfterTest tear" time="0.0" classname="Academy.E2EProject.validateNavigationBar">
    <skipped/>
  </testcase> <!-- @AfterTest tear -->
  <testcase name="basePageNavigation" time="0.002" classname="Academy.E2EProject.validateNavigationBar">
    <skipped/>
  </testcase> <!-- basePageNavigation -->
</testsuite> <!-- Validating navigation bar -->
