<?xml version="1.0" encoding="UTF-8"?>
<testng-results skipped="6" failed="0" total="6" passed="0">
  <reporter-output>
  </reporter-output>
  <suite name="Suite" duration-ms="225" started-at="2022-04-30T10:20:56Z" finished-at="2022-04-30T10:20:56Z">
    <groups>
    </groups>
    <test name="Validating User Login" duration-ms="134" started-at="2022-04-30T10:20:56Z" finished-at="2022-04-30T10:20:56Z">
      <class name="Academy.E2EProject.HomePage">
        <test-method status="FAIL" signature="intializer()[pri:0, instance:Academy.E2EProject.HomePage@dfbc58]" name="intializer" is-config="true" duration-ms="0" started-at="2022-04-30T15:50:56Z" finished-at="2022-04-30T15:50:56Z">
          <exception class="java.lang.NullPointerException">
            <full-stacktrace>
              <![CDATA[java.lang.NullPointerException
	at resourses.base.intializerDriver(base.java:40)
	at Academy.E2EProject.HomePage.intializer(HomePage.java:23)
	at sun.reflect.NativeMethodAccessorImpl.invoke0(Native Method)
	at sun.reflect.NativeMethodAccessorImpl.invoke(NativeMethodAccessorImpl.java:62)
	at sun.reflect.DelegatingMethodAccessorImpl.invoke(DelegatingMethodAccessorImpl.java:43)
	at java.lang.reflect.Method.invoke(Method.java:498)
	at org.testng.internal.MethodInvocationHelper.invokeMethod(MethodInvocationHelper.java:80)
	at org.testng.internal.Invoker.invokeConfigurationMethod(Invoker.java:564)
	at org.testng.internal.Invoker.invokeConfigurations(Invoker.java:213)
	at org.testng.internal.Invoker.invokeConfigurations(Invoker.java:138)
	at org.testng.TestRunner.beforeRun(TestRunner.java:641)
	at org.testng.TestRunner.run(TestRunner.java:609)
	at org.testng.SuiteRunner.runTest(SuiteRunner.java:334)
	at org.testng.SuiteRunner.runSequentially(SuiteRunner.java:329)
	at org.testng.SuiteRunner.privateRun(SuiteRunner.java:291)
	at org.testng.SuiteRunner.run(SuiteRunner.java:240)
	at org.testng.SuiteRunnerWorker.runSuite(SuiteRunnerWorker.java:52)
	at org.testng.SuiteRunnerWorker.run(SuiteRunnerWorker.java:86)
	at org.testng.TestNG.runSuitesSequentially(TestNG.java:1198)
	at org.testng.TestNG.runSuitesLocally(TestNG.java:1123)
	at org.testng.TestNG.run(TestNG.java:1031)
	at org.testng.remote.AbstractRemoteTestNG.run(AbstractRemoteTestNG.java:115)
	at org.testng.remote.RemoteTestNG.initAndRun(RemoteTestNG.java:251)
	at org.testng.remote.RemoteTestNG.main(RemoteTestNG.java:77)
]]>
            </full-stacktrace>
          </exception> <!-- java.lang.NullPointerException -->
          <reporter-output>
          </reporter-output>
        </test-method> <!-- intializer -->
        <test-method status="SKIP" signature="basePageNavigation(java.lang.String, java.lang.String, java.lang.String)[pri:0, instance:Academy.E2EProject.HomePage@dfbc58]" name="basePageNavigation" duration-ms="48" started-at="2022-04-30T15:50:56Z" data-provider="getData" finished-at="2022-04-30T15:50:56Z">
          <params>
            <param index="0">
              <value>
                <![CDATA[nonrestricteduser@qw.com]]>
              </value>
            </param>
            <param index="1">
              <value>
                <![CDATA[123456]]>
              </value>
            </param>
            <param index="2">
              <value>
                <![CDATA[Non Restricted User]]>
              </value>
            </param>
          </params>
          <reporter-output>
          </reporter-output>
        </test-method> <!-- basePageNavigation -->
        <test-method status="SKIP" signature="basePageNavigation(java.lang.String, java.lang.String, java.lang.String)[pri:0, instance:Academy.E2EProject.HomePage@dfbc58]" name="basePageNavigation" duration-ms="3" started-at="2022-04-30T15:50:56Z" data-provider="getData" finished-at="2022-04-30T15:50:56Z">
          <params>
            <param index="0">
              <value>
                <![CDATA[restricteduser@qw.com]]>
              </value>
            </param>
            <param index="1">
              <value>
                <![CDATA[556884]]>
              </value>
            </param>
            <param index="2">
              <value>
                <![CDATA[Restricted User]]>
              </value>
            </param>
          </params>
          <reporter-output>
          </reporter-output>
        </test-method> <!-- basePageNavigation -->
        <test-method status="SKIP" signature="tear()[pri:0, instance:Academy.E2EProject.HomePage@dfbc58]" name="tear" is-config="true" duration-ms="0" started-at="2022-04-30T15:50:56Z" finished-at="2022-04-30T15:50:56Z">
          <reporter-output>
          </reporter-output>
        </test-method> <!-- tear -->
      </class> <!-- Academy.E2EProject.HomePage -->
    </test> <!-- Validating User Login -->
    <test name="Validating navigation bar" duration-ms="11" started-at="2022-04-30T10:20:56Z" finished-at="2022-04-30T10:20:56Z">
      <class name="Academy.E2EProject.validateNavigationBar">
        <test-method status="FAIL" signature="intializer()[pri:0, instance:Academy.E2EProject.validateNavigationBar@1005828]" name="intializer" is-config="true" duration-ms="0" started-at="2022-04-30T15:50:56Z" finished-at="2022-04-30T15:50:56Z">
          <exception class="java.lang.NullPointerException">
            <full-stacktrace>
              <![CDATA[java.lang.NullPointerException
	at resourses.base.intializerDriver(base.java:40)
	at Academy.E2EProject.validateNavigationBar.intializer(validateNavigationBar.java:24)
	at sun.reflect.NativeMethodAccessorImpl.invoke0(Native Method)
	at sun.reflect.NativeMethodAccessorImpl.invoke(NativeMethodAccessorImpl.java:62)
	at sun.reflect.DelegatingMethodAccessorImpl.invoke(DelegatingMethodAccessorImpl.java:43)
	at java.lang.reflect.Method.invoke(Method.java:498)
	at org.testng.internal.MethodInvocationHelper.invokeMethod(MethodInvocationHelper.java:80)
	at org.testng.internal.Invoker.invokeConfigurationMethod(Invoker.java:564)
	at org.testng.internal.Invoker.invokeConfigurations(Invoker.java:213)
	at org.testng.internal.Invoker.invokeConfigurations(Invoker.java:138)
	at org.testng.TestRunner.beforeRun(TestRunner.java:641)
	at org.testng.TestRunner.run(TestRunner.java:609)
	at org.testng.SuiteRunner.runTest(SuiteRunner.java:334)
	at org.testng.SuiteRunner.runSequentially(SuiteRunner.java:329)
	at org.testng.SuiteRunner.privateRun(SuiteRunner.java:291)
	at org.testng.SuiteRunner.run(SuiteRunner.java:240)
	at org.testng.SuiteRunnerWorker.runSuite(SuiteRunnerWorker.java:52)
	at org.testng.SuiteRunnerWorker.run(SuiteRunnerWorker.java:86)
	at org.testng.TestNG.runSuitesSequentially(TestNG.java:1198)
	at org.testng.TestNG.runSuitesLocally(TestNG.java:1123)
	at org.testng.TestNG.run(TestNG.java:1031)
	at org.testng.remote.AbstractRemoteTestNG.run(AbstractRemoteTestNG.java:115)
	at org.testng.remote.RemoteTestNG.initAndRun(RemoteTestNG.java:251)
	at org.testng.remote.RemoteTestNG.main(RemoteTestNG.java:77)
]]>
            </full-stacktrace>
          </exception> <!-- java.lang.NullPointerException -->
          <reporter-output>
          </reporter-output>
        </test-method> <!-- intializer -->
        <test-method status="SKIP" signature="basePageNavigation()[pri:0, instance:Academy.E2EProject.validateNavigationBar@1005828]" name="basePageNavigation" duration-ms="2" started-at="2022-04-30T15:50:56Z" finished-at="2022-04-30T15:50:56Z">
          <reporter-output>
          </reporter-output>
        </test-method> <!-- basePageNavigation -->
        <test-method status="SKIP" signature="tear()[pri:0, instance:Academy.E2EProject.validateNavigationBar@1005828]" name="tear" is-config="true" duration-ms="0" started-at="2022-04-30T15:50:56Z" finished-at="2022-04-30T15:50:56Z">
          <reporter-output>
          </reporter-output>
        </test-method> <!-- tear -->
      </class> <!-- Academy.E2EProject.validateNavigationBar -->
    </test> <!-- Validating navigation bar -->
    <test name="Test" duration-ms="1" started-at="2022-04-30T10:20:56Z" finished-at="2022-04-30T10:20:56Z">
    </test> <!-- Test -->
    <test name="Validating title name" duration-ms="31" started-at="2022-04-30T10:20:56Z" finished-at="2022-04-30T10:20:56Z">
      <class name="Academy.E2EProject.validateTitle">
        <test-method status="FAIL" signature="intializer()[pri:0, instance:Academy.E2EProject.validateTitle@38ccb8]" name="intializer" is-config="true" duration-ms="0" started-at="2022-04-30T15:50:56Z" finished-at="2022-04-30T15:50:56Z">
          <exception class="java.lang.NullPointerException">
            <full-stacktrace>
              <![CDATA[java.lang.NullPointerException
	at resourses.base.intializerDriver(base.java:40)
	at Academy.E2EProject.validateTitle.intializer(validateTitle.java:54)
	at sun.reflect.NativeMethodAccessorImpl.invoke0(Native Method)
	at sun.reflect.NativeMethodAccessorImpl.invoke(NativeMethodAccessorImpl.java:62)
	at sun.reflect.DelegatingMethodAccessorImpl.invoke(DelegatingMethodAccessorImpl.java:43)
	at java.lang.reflect.Method.invoke(Method.java:498)
	at org.testng.internal.MethodInvocationHelper.invokeMethod(MethodInvocationHelper.java:80)
	at org.testng.internal.Invoker.invokeConfigurationMethod(Invoker.java:564)
	at org.testng.internal.Invoker.invokeConfigurations(Invoker.java:213)
	at org.testng.internal.Invoker.invokeConfigurations(Invoker.java:138)
	at org.testng.TestRunner.beforeRun(TestRunner.java:641)
	at org.testng.TestRunner.run(TestRunner.java:609)
	at org.testng.SuiteRunner.runTest(SuiteRunner.java:334)
	at org.testng.SuiteRunner.runSequentially(SuiteRunner.java:329)
	at org.testng.SuiteRunner.privateRun(SuiteRunner.java:291)
	at org.testng.SuiteRunner.run(SuiteRunner.java:240)
	at org.testng.SuiteRunnerWorker.runSuite(SuiteRunnerWorker.java:52)
	at org.testng.SuiteRunnerWorker.run(SuiteRunnerWorker.java:86)
	at org.testng.TestNG.runSuitesSequentially(TestNG.java:1198)
	at org.testng.TestNG.runSuitesLocally(TestNG.java:1123)
	at org.testng.TestNG.run(TestNG.java:1031)
	at org.testng.remote.AbstractRemoteTestNG.run(AbstractRemoteTestNG.java:115)
	at org.testng.remote.RemoteTestNG.initAndRun(RemoteTestNG.java:251)
	at org.testng.remote.RemoteTestNG.main(RemoteTestNG.java:77)
]]>
            </full-stacktrace>
          </exception> <!-- java.lang.NullPointerException -->
          <reporter-output>
          </reporter-output>
        </test-method> <!-- intializer -->
        <test-method status="SKIP" signature="baseHeader()[pri:0, instance:Academy.E2EProject.validateTitle@38ccb8]" name="baseHeader" duration-ms="2" started-at="2022-04-30T15:50:56Z" finished-at="2022-04-30T15:50:56Z">
          <reporter-output>
          </reporter-output>
        </test-method> <!-- baseHeader -->
        <test-method status="SKIP" signature="basePageNavigation()[pri:0, instance:Academy.E2EProject.validateTitle@38ccb8]" name="basePageNavigation" duration-ms="1" started-at="2022-04-30T15:50:56Z" finished-at="2022-04-30T15:50:56Z">
          <reporter-output>
          </reporter-output>
        </test-method> <!-- basePageNavigation -->
        <test-method status="SKIP" signature="courseDetails()[pri:0, instance:Academy.E2EProject.validateTitle@38ccb8]" name="courseDetails" duration-ms="15" started-at="2022-04-30T15:50:56Z" finished-at="2022-04-30T15:50:56Z">
          <reporter-output>
          </reporter-output>
        </test-method> <!-- courseDetails -->
        <test-method status="SKIP" signature="tear()[pri:0, instance:Academy.E2EProject.validateTitle@38ccb8]" name="tear" is-config="true" duration-ms="0" started-at="2022-04-30T15:50:56Z" finished-at="2022-04-30T15:50:56Z">
          <reporter-output>
          </reporter-output>
        </test-method> <!-- tear -->
      </class> <!-- Academy.E2EProject.validateTitle -->
    </test> <!-- Validating title name -->
  </suite> <!-- Suite -->
</testng-results>
